{
  "success": true,
  "status_code": 200,
  "json": {
    "data": {
      "id": "c58751df2384d3667a1176c893888b976c2e2f97f3e702ecb322dbc31461aaa4",
      "type": "file",
      "links": {
        "self": "https://www.virustotal.com/api/v3/files/c58751df2384d3667a1176c893888b976c2e2f97f3e702ecb322dbc31461aaa4"
      },
      "attributes": {
        "crowdsourced_yara_results": [
          {
            "ruleset_id": "0122a7f913",
            "rule_name": "Windows_API_Function",
            "ruleset_name": "Windows_API_Function",
            "description": "This signature detects the presence of a number of Windows API functionality often seen within embedded executables. When this signature alerts on an executable, it is not an indication of malicious behavior. However, if seen firing in other file types, deeper investigation may be warranted.",
            "author": "InQuest Labs",
            "match_date": 1754744831,
            "ruleset_version": "0122a7f913|589bbefc22847193cac455858fa15e627d671918",
            "source": "https://github.com/InQuest/yara-rules-vt"
          },
          {
            "ruleset_id": "0122bae1e9",
            "rule_name": "Base64_Encoded_URL",
            "ruleset_name": "Base64_Encoded_URL",
            "description": "This signature fires on the presence of Base64 encoded URI prefixes (http:// and https://) across any file. The simple presence of such strings is not inherently an indicator of malicious content, but is worth further investigation.",
            "author": "InQuest Labs",
            "match_date": 1754744831,
            "ruleset_version": "0122bae1e9|589bbefc22847193cac455858fa15e627d671918",
            "source": "https://github.com/InQuest/yara-rules-vt"
          },
          {
            "description": "This signature identifies Adobe Extensible Metadata Platform (XMP) identifiers embedded within files. Defined as a standard for mapping graphical asset relationships, XMP allows for tracking of both parent-child relationships and individual revisions. There are three categories of identifiers: original document, document, and instance. Generally, XMP data is stored in XML format, updated on save/copy, and embedded within the graphical asset. These identifiers can be used to track both malicious and benign graphics within common Microsoft and Adobe document lures.",
            "author": "InQuest Labs",
            "ruleset_name": "Adobe_XMP_Identifier",
            "rule_name": "Adobe_XMP_Identifier",
            "ruleset_id": "0121ae37cc",
            "match_in_subfile": true,
            "source": "https://github.com/InQuest/yara-rules-vt"
          },
          {
            "ruleset_id": "0121ae37cc",
            "rule_name": "Adobe_XMP_Identifier",
            "ruleset_name": "Adobe_XMP_Identifier",
            "description": "This signature identifies Adobe Extensible Metadata Platform (XMP) identifiers embedded within files. Defined as a standard for mapping graphical asset relationships, XMP allows for tracking of both parent-child relationships and individual revisions. There are three categories of identifiers: original document, document, and instance. Generally, XMP data is stored in XML format, updated on save/copy, and embedded within the graphical asset. These identifiers can be used to track both malicious and benign graphics within common Microsoft and Adobe document lures.",
            "author": "InQuest Labs",
            "match_date": 1754744831,
            "ruleset_version": "0121ae37cc|589bbefc22847193cac455858fa15e627d671918",
            "source": "https://github.com/InQuest/yara-rules-vt"
          },
          {
            "description": "Detects executables packed with ConfuserEx Mod",
            "author": "ditekSHen",
            "ruleset_name": "indicator_packed",
            "rule_name": "INDICATOR_EXE_Packed_ConfuserEx",
            "ruleset_id": "00c291ca7f",
            "match_in_subfile": true,
            "source": "https://github.com/ditekshen/detection"
          },
          {
            "description": "This signature fires on the presence of Base64 encoded URI prefixes (http:// and https://) across any file. The simple presence of such strings is not inherently an indicator of malicious content, but is worth further investigation.",
            "author": "InQuest Labs",
            "ruleset_name": "Base64_Encoded_URL",
            "rule_name": "Base64_Encoded_URL",
            "ruleset_id": "0122bae1e9",
            "match_in_subfile": true,
            "source": "https://github.com/InQuest/yara-rules-vt"
          }
        ],
        "ssdeep": "49152:ki2ZcnppGDT9RLuQIK751hM0S8kEP5nr1M34SHc4W5J14s8d:ki2WijLugkx34SHc",
        "filecondis": {
          "dhash": "00383c1e1c0d0800",
          "raw_md5": "585d273d61746562bb0df3a258d1188b"
        },
        "sha1": "aef1ba8bd48997a1bcb729a4971f352dda2d847d",
        "size": 3456512,
        "names": [
          "c58751df2384d3667a1176c893888b976c2e2f97f3e702ecb322dbc31461aaa4.msi",
          "cheatlab.msi",
          "40b2ce.msi"
        ],
        "packers": {
          "Varist": "msi"
        },
        "times_submitted": 12,
        "md5": "c7daf4537e61a559a3aee8a3cb558b5e",
        "trid": [
          {
            "file_type": "Microsoft Windows Installer",
            "probability": 80.0
          },
          {
            "file_type": "Windows SDK Setup Transform script",
            "probability": 10.7
          },
          {
            "file_type": "Windows Installer Patch",
            "probability": 7.8
          },
          {
            "file_type": "Generic OLE2 / Multistream Compound",
            "probability": 1.4
          }
        ],
        "total_votes": {
          "harmless": 0,
          "malicious": 3
        },
        "popular_threat_classification": {
          "popular_threat_name": [
            {
              "count": 2,
              "value": "alien"
            },
            {
              "count": 2,
              "value": "genericrxwj"
            },
            {
              "count": 2,
              "value": "redline"
            }
          ],
          "suggested_threat_label": "trojan.alien/genericrxwj",
          "popular_threat_category": [
            {
              "count": 27,
              "value": "trojan"
            }
          ]
        },
        "meaningful_name": "c58751df2384d3667a1176c893888b976c2e2f97f3e702ecb322dbc31461aaa4.msi",
        "last_analysis_stats": {
          "malicious": 41,
          "suspicious": 0,
          "undetected": 22,
          "harmless": 0,
          "timeout": 0,
          "confirmed-timeout": 0,
          "failure": 0,
          "type-unsupported": 13
        },
        "type_extension": "msi",
        "crowdsourced_ids_results": [
          {
            "rule_category": "unknown",
            "alert_severity": "low",
            "rule_msg": "(http_inspect) invalid status line",
            "rule_raw": "alert ( gid:119; sid:279; rev:1; msg:\"(http_inspect) invalid status line\"; metadata: rule-type preproc; classtype:unknown;)",
            "alert_context": [
              {
                "dest_ip": "93.184.221.240",
                "dest_port": 80
              }
            ],
            "rule_url": "https://www.snort.org/downloads/#rule-downloads",
            "rule_source": "Snort registered user ruleset",
            "rule_id": "119:279"
          }
        ],
        "type_tags": [
          "installer",
          "windows",
          "msi"
        ],
        "type_description": "Windows Installer",
        "reputation": -11,
        "sha256": "c58751df2384d3667a1176c893888b976c2e2f97f3e702ecb322dbc31461aaa4",
        "first_submission_date": 1699700429,
        "tlsh": "T1CBF58C21B287C036D5AF0172693CEEAE55397E634B7100DB7BE43ABE48B48C16635F16",
        "creation_date": 1697720237,
        "sigma_analysis_summary": {
          "Sigma Integrated Rule Set (GitHub)": {
            "high": 0,
            "medium": 1,
            "critical": 0,
            "low": 4
          }
        },
        "magika": "MSI",
        "crowdsourced_ids_stats": {
          "high": 0,
          "info": 0,
          "medium": 0,
          "low": 1
        },
        "last_submission_date": 1739474807,
        "last_analysis_date": 1754744809,
        "last_modification_date": 1755349559,
        "unique_sources": 9,
        "tags": [
          "detect-debug-environment",
          "checks-usb-bus",
          "long-sleeps",
          "checks-user-input",
          "msi",
          "persistence",
          "spreader"
        ],
        "vhash": "630c9f89fdea3c55b1a69a52f528fbd6",
        "type_tag": "msi",
        "sigma_analysis_stats": {
          "high": 0,
          "medium": 1,
          "critical": 0,
          "low": 4
        },
        "sigma_analysis_results": [
          {
            "match_context": [
              {
                "values": {
                  "TerminalSessionId": "1",
                  "ProcessGuid": "{C784477D-5F1E-654F-3906-000000004800}",
                  "ProcessId": "8020",
                  "Product": "Microsoft\\xae Windows\\xae Operating System",
                  "Description": "Windows PowerShell",
                  "Company": "Microsoft Corporation",
                  "ParentProcessGuid": "{C784477D-5F13-654F-3306-000000004800}",
                  "User": "NT AUTHORITY\\SYSTEM",
                  "Hashes": "MD5=DBA3E6449E97D4E3DF64527EF7012A10,SHA256=E0C662D10B852B23F2D8A240AFC82A72B099519FA71CDDF9D5D0F0BE08169B6E,IMPHASH=D1A922C94A1F407CB2BBCAD033C8ED7A",
                  "OriginalFileName": "PowerShell.EXE",
                  "ParentImage": "C:\\Users\\george\\AppData\\Roaming\\Cheat Lab\\Cheat Lab\\prerequisites\\aipackagechainer.exe",
                  "FileVersion": "10.0.17134.1 (WinBuild.160101.0800)",
                  "ParentProcessId": "7836",
                  "CurrentDirectory": "C:\\Users\\george\\AppData\\Roaming\\Cheat Lab\\Cheat Lab\\prerequisites\\",
                  "CommandLine": "\"C:\\Windows\\system32\\WindowsPowerShell\\v1.0\\powershell.exe\" -NoProfile -NonInteractive -NoLogo -ExecutionPolicy RemoteSigned -Command \"C:\\Windows\\SystemTemp\\AI_E5B5.ps1 -paths 'C:\\Users\\george\\AppData\\Roaming\\Cheat Lab\\Cheat Lab\\prerequisites\\file_deleter.ps1','C:\\Users\\george\\AppData\\Roaming\\Cheat Lab\\Cheat Lab\\prerequisites\\aipackagechainer.exe','C:\\Users\\george\\AppData\\Roaming\\Cheat Lab\\Cheat Lab','C:\\Users\\george\\AppData\\Roaming\\Cheat Lab' -retry_count 10\"",
                  "EventID": "1",
                  "LogonGuid": "C784477D-F5F6-6537-E703-000000000000",
                  "LogonId": "999",
                  "Image": "C:\\Windows\\SysWOW64\\WindowsPowerShell\\v1.0\\powershell.exe",
                  "IntegrityLevel": "System",
                  "ParentCommandLine": "\"C:\\Users\\george\\AppData\\Roaming\\Cheat Lab\\Cheat Lab\\prerequisites\\aipackagechainer.exe\"",
                  "UtcTime": "1699700510",
                  "RuleName": "-"
                }
              }
            ],
            "rule_level": "medium",
            "rule_id": "06b48fa7870d38bdf92b4d4a9b9c4a4df779bd405fdc5ba0e70911df20027ce1",
            "rule_source": "Sigma Integrated Rule Set (GitHub)",
            "rule_title": "Change PowerShell Policies to an Insecure Level",
            "rule_description": "Detects use of executionpolicy option to set insecure policies",
            "rule_author": "frack113"
          },
          {
            "match_context": [
              {
                "values": {
                  "TerminalSessionId": "1",
                  "ProcessGuid": "{C784477D-5F1E-654F-3906-000000004800}",
                  "ProcessId": "8020",
                  "Product": "Microsoft\\xae Windows\\xae Operating System",
                  "Description": "Windows PowerShell",
                  "Company": "Microsoft Corporation",
                  "ParentProcessGuid": "{C784477D-5F13-654F-3306-000000004800}",
                  "User": "NT AUTHORITY\\SYSTEM",
                  "Hashes": "MD5=DBA3E6449E97D4E3DF64527EF7012A10,SHA256=E0C662D10B852B23F2D8A240AFC82A72B099519FA71CDDF9D5D0F0BE08169B6E,IMPHASH=D1A922C94A1F407CB2BBCAD033C8ED7A",
                  "OriginalFileName": "PowerShell.EXE",
                  "ParentImage": "C:\\Users\\george\\AppData\\Roaming\\Cheat Lab\\Cheat Lab\\prerequisites\\aipackagechainer.exe",
                  "FileVersion": "10.0.17134.1 (WinBuild.160101.0800)",
                  "ParentProcessId": "7836",
                  "CurrentDirectory": "C:\\Users\\george\\AppData\\Roaming\\Cheat Lab\\Cheat Lab\\prerequisites\\",
                  "CommandLine": "\"C:\\Windows\\system32\\WindowsPowerShell\\v1.0\\powershell.exe\" -NoProfile -NonInteractive -NoLogo -ExecutionPolicy RemoteSigned -Command \"C:\\Windows\\SystemTemp\\AI_E5B5.ps1 -paths 'C:\\Users\\george\\AppData\\Roaming\\Cheat Lab\\Cheat Lab\\prerequisites\\file_deleter.ps1','C:\\Users\\george\\AppData\\Roaming\\Cheat Lab\\Cheat Lab\\prerequisites\\aipackagechainer.exe','C:\\Users\\george\\AppData\\Roaming\\Cheat Lab\\Cheat Lab','C:\\Users\\george\\AppData\\Roaming\\Cheat Lab' -retry_count 10\"",
                  "EventID": "1",
                  "LogonGuid": "C784477D-F5F6-6537-E703-000000000000",
                  "LogonId": "999",
                  "Image": "C:\\Windows\\SysWOW64\\WindowsPowerShell\\v1.0\\powershell.exe",
                  "IntegrityLevel": "System",
                  "ParentCommandLine": "\"C:\\Users\\george\\AppData\\Roaming\\Cheat Lab\\Cheat Lab\\prerequisites\\aipackagechainer.exe\"",
                  "UtcTime": "1699700510",
                  "RuleName": "-"
                }
              },
              {
                "values": {
                  "TerminalSessionId": "1",
                  "ProcessGuid": "{C784477D-5F30-654F-3B06-000000004800}",
                  "ProcessId": "6728",
                  "Product": "Microsoft\\xae Windows\\xae Operating System",
                  "Description": "Windows PowerShell",
                  "Company": "Microsoft Corporation",
                  "ParentProcessGuid": "{C784477D-5F1E-654F-3906-000000004800}",
                  "User": "NT AUTHORITY\\SYSTEM",
                  "Hashes": "MD5=DBA3E6449E97D4E3DF64527EF7012A10,SHA256=E0C662D10B852B23F2D8A240AFC82A72B099519FA71CDDF9D5D0F0BE08169B6E,IMPHASH=D1A922C94A1F407CB2BBCAD033C8ED7A",
                  "OriginalFileName": "PowerShell.EXE",
                  "ParentImage": "C:\\Windows\\SysWOW64\\WindowsPowerShell\\v1.0\\powershell.exe",
                  "FileVersion": "10.0.17134.1 (WinBuild.160101.0800)",
                  "ParentProcessId": "8020",
                  "CurrentDirectory": "C:\\Users\\george\\AppData\\Roaming\\Cheat Lab\\Cheat Lab\\prerequisites\\",
                  "CommandLine": "\"C:\\Windows\\SysWOW64\\WindowsPowerShell\\v1.0\\powershell.exe\" -Version 5.1 -s -NoLogo -NoProfile",
                  "EventID": "1",
                  "LogonGuid": "C784477D-F5F6-6537-E703-000000000000",
                  "LogonId": "999",
                  "Image": "C:\\Windows\\SysWOW64\\WindowsPowerShell\\v1.0\\powershell.exe",
                  "IntegrityLevel": "System",
                  "ParentCommandLine": "\"C:\\Windows\\system32\\WindowsPowerShell\\v1.0\\powershell.exe\" -NoProfile -NonInteractive -NoLogo -ExecutionPolicy RemoteSigned -Command \"C:\\Windows\\SystemTemp\\AI_E5B5.ps1 -paths 'C:\\Users\\george\\AppData\\Roaming\\Cheat Lab\\Cheat Lab\\prerequisites\\file_deleter.ps1','C:\\Users\\george\\AppData\\Roaming\\Cheat Lab\\Cheat Lab\\prerequisites\\aipackagechainer.exe','C:\\Users\\george\\AppData\\Roaming\\Cheat Lab\\Cheat Lab','C:\\Users\\george\\AppData\\Roaming\\Cheat Lab' -retry_count 10\"",
                  "UtcTime": "1699700528",
                  "RuleName": "-"
                }
              },
              {
                "values": {
                  "TerminalSessionId": "1",
                  "ProcessGuid": "{C784477D-5F31-654F-3D06-000000004800}",
                  "ProcessId": "7420",
                  "Product": "Microsoft\\xae Windows\\xae Operating System",
                  "Description": "Windows PowerShell",
                  "Company": "Microsoft Corporation",
                  "ParentProcessGuid": "{C784477D-5F1E-654F-3906-000000004800}",
                  "User": "NT AUTHORITY\\SYSTEM",
                  "Hashes": "MD5=DBA3E6449E97D4E3DF64527EF7012A10,SHA256=E0C662D10B852B23F2D8A240AFC82A72B099519FA71CDDF9D5D0F0BE08169B6E,IMPHASH=D1A922C94A1F407CB2BBCAD033C8ED7A",
                  "OriginalFileName": "PowerShell.EXE",
                  "ParentImage": "C:\\Windows\\SysWOW64\\WindowsPowerShell\\v1.0\\powershell.exe",
                  "FileVersion": "10.0.17134.1 (WinBuild.160101.0800)",
                  "ParentProcessId": "8020",
                  "CurrentDirectory": "C:\\Users\\george\\AppData\\Roaming\\Cheat Lab\\Cheat Lab\\prerequisites\\",
                  "CommandLine": "\"C:\\Windows\\SysWOW64\\WindowsPowerShell\\v1.0\\powershell.exe\" -Version 5.1 -s -NoLogo -NoProfile",
                  "EventID": "1",
                  "LogonGuid": "C784477D-F5F6-6537-E703-000000000000",
                  "LogonId": "999",
                  "Image": "C:\\Windows\\SysWOW64\\WindowsPowerShell\\v1.0\\powershell.exe",
                  "IntegrityLevel": "System",
                  "ParentCommandLine": "\"C:\\Windows\\system32\\WindowsPowerShell\\v1.0\\powershell.exe\" -NoProfile -NonInteractive -NoLogo -ExecutionPolicy RemoteSigned -Command \"C:\\Windows\\SystemTemp\\AI_E5B5.ps1 -paths 'C:\\Users\\george\\AppData\\Roaming\\Cheat Lab\\Cheat Lab\\prerequisites\\file_deleter.ps1','C:\\Users\\george\\AppData\\Roaming\\Cheat Lab\\Cheat Lab\\prerequisites\\aipackagechainer.exe','C:\\Users\\george\\AppData\\Roaming\\Cheat Lab\\Cheat Lab','C:\\Users\\george\\AppData\\Roaming\\Cheat Lab' -retry_count 10\"",
                  "UtcTime": "1699700529",
                  "RuleName": "-"
                }
              },
              {
                "values": {
                  "TerminalSessionId": "1",
                  "ProcessGuid": "{C784477D-5F31-654F-3F06-000000004800}",
                  "ProcessId": "1480",
                  "Product": "Microsoft\\xae Windows\\xae Operating System",
                  "Description": "Windows PowerShell",
                  "Company": "Microsoft Corporation",
                  "ParentProcessGuid": "{C784477D-5F1E-654F-3906-000000004800}",
                  "User": "NT AUTHORITY\\SYSTEM",
                  "Hashes": "MD5=DBA3E6449E97D4E3DF64527EF7012A10,SHA256=E0C662D10B852B23F2D8A240AFC82A72B099519FA71CDDF9D5D0F0BE08169B6E,IMPHASH=D1A922C94A1F407CB2BBCAD033C8ED7A",
                  "OriginalFileName": "PowerShell.EXE",
                  "ParentImage": "C:\\Windows\\SysWOW64\\WindowsPowerShell\\v1.0\\powershell.exe",
                  "FileVersion": "10.0.17134.1 (WinBuild.160101.0800)",
                  "ParentProcessId": "8020",
                  "CurrentDirectory": "C:\\Users\\george\\AppData\\Roaming\\Cheat Lab\\Cheat Lab\\prerequisites\\",
                  "CommandLine": "\"C:\\Windows\\SysWOW64\\WindowsPowerShell\\v1.0\\powershell.exe\" -Version 5.1 -s -NoLogo -NoProfile",
                  "EventID": "1",
                  "LogonGuid": "C784477D-F5F6-6537-E703-000000000000",
                  "LogonId": "999",
                  "Image": "C:\\Windows\\SysWOW64\\WindowsPowerShell\\v1.0\\powershell.exe",
                  "IntegrityLevel": "System",
                  "ParentCommandLine": "\"C:\\Windows\\system32\\WindowsPowerShell\\v1.0\\powershell.exe\" -NoProfile -NonInteractive -NoLogo -ExecutionPolicy RemoteSigned -Command \"C:\\Windows\\SystemTemp\\AI_E5B5.ps1 -paths 'C:\\Users\\george\\AppData\\Roaming\\Cheat Lab\\Cheat Lab\\prerequisites\\file_deleter.ps1','C:\\Users\\george\\AppData\\Roaming\\Cheat Lab\\Cheat Lab\\prerequisites\\aipackagechainer.exe','C:\\Users\\george\\AppData\\Roaming\\Cheat Lab\\Cheat Lab','C:\\Users\\george\\AppData\\Roaming\\Cheat Lab' -retry_count 10\"",
                  "UtcTime": "1699700529",
                  "RuleName": "-"
                }
              },
              {
                "values": {
                  "TerminalSessionId": "1",
                  "ProcessGuid": "{C784477D-5F32-654F-4106-000000004800}",
                  "ProcessId": "6980",
                  "Product": "Microsoft\\xae Windows\\xae Operating System",
                  "Description": "Windows PowerShell",
                  "Company": "Microsoft Corporation",
                  "ParentProcessGuid": "{C784477D-5F1E-654F-3906-000000004800}",
                  "User": "NT AUTHORITY\\SYSTEM",
                  "Hashes": "MD5=DBA3E6449E97D4E3DF64527EF7012A10,SHA256=E0C662D10B852B23F2D8A240AFC82A72B099519FA71CDDF9D5D0F0BE08169B6E,IMPHASH=D1A922C94A1F407CB2BBCAD033C8ED7A",
                  "OriginalFileName": "PowerShell.EXE",
                  "ParentImage": "C:\\Windows\\SysWOW64\\WindowsPowerShell\\v1.0\\powershell.exe",
                  "FileVersion": "10.0.17134.1 (WinBuild.160101.0800)",
                  "ParentProcessId": "8020",
                  "CurrentDirectory": "C:\\Users\\george\\AppData\\Roaming\\Cheat Lab\\Cheat Lab\\prerequisites\\",
                  "CommandLine": "\"C:\\Windows\\SysWOW64\\WindowsPowerShell\\v1.0\\powershell.exe\" -Version 5.1 -s -NoLogo -NoProfile",
                  "EventID": "1",
                  "LogonGuid": "C784477D-F5F6-6537-E703-000000000000",
                  "LogonId": "999",
                  "Image": "C:\\Windows\\SysWOW64\\WindowsPowerShell\\v1.0\\powershell.exe",
                  "IntegrityLevel": "System",
                  "ParentCommandLine": "\"C:\\Windows\\system32\\WindowsPowerShell\\v1.0\\powershell.exe\" -NoProfile -NonInteractive -NoLogo -ExecutionPolicy RemoteSigned -Command \"C:\\Windows\\SystemTemp\\AI_E5B5.ps1 -paths 'C:\\Users\\george\\AppData\\Roaming\\Cheat Lab\\Cheat Lab\\prerequisites\\file_deleter.ps1','C:\\Users\\george\\AppData\\Roaming\\Cheat Lab\\Cheat Lab\\prerequisites\\aipackagechainer.exe','C:\\Users\\george\\AppData\\Roaming\\Cheat Lab\\Cheat Lab','C:\\Users\\george\\AppData\\Roaming\\Cheat Lab' -retry_count 10\"",
                  "UtcTime": "1699700530",
                  "RuleName": "-"
                }
              }
            ],
            "rule_level": "low",
            "rule_id": "1c2e4db94ca79f939e94e29c04fb3b71467fc6f5b9c31db34fcce5a2fb3b856f",
            "rule_source": "Sigma Integrated Rule Set (GitHub)",
            "rule_title": "Non Interactive PowerShell Process Spawned",
            "rule_description": "Detects non-interactive PowerShell activity by looking at the \"powershell\" process with a non-user GUI process such as \"explorer.exe\" as a parent.",
            "rule_author": "Roberto Rodriguez @Cyb3rWard0g (rule), oscd.community (improvements)"
          },
          {
            "match_context": [
              {
                "values": {
                  "EventID": "13",
                  "EventType": "SetValue",
                  "Details": "F\\x00\\x00\\x00~\\x02\\x00\\x00\t\\x00\\x00\\x00\\x00\\x00\\x00\\x00\\x00\\x00\\x00\\x00\\x00\\x00\\x00\\x00\\x04\\x00\\x00\\x00\\x00\\x00\\x00\\x00\\x10\\x93\\xa6v@\\x18\\xd6\\x01\\x00\\x00\\x00\\x00\\x00\\x00\\x00\\x00\\x00\\x00\\x00\\x00\\x01\\x00\\x00\\x00\\x02\\x00\\x00\\x00\\xac\\x10\\x01\\x03\\x00\\x00\\x00\\x00\\x00\\x00\\x00\\x00\\x00\\x00\\x00\\x00\\x00\\x00\\x00\\x00\\x00\\x00\\x00\\x00\\x00\\x00\\x00\\x00\\x00\\x00\\x00\\x00\\x00\\x00\\x00\\x00\\x00\\x00\\x00\\x00\\x00\\x00\\x00\\x00\\x00\\x00\\x00\\x00\\x00\\x00\\x00\\x00\\x00\\x00\\x00\\x00\\x00\\x00\\x00\\x00\\x00\\x00\\x00\\x00\\x00\\x00\\x00\\x00\\x00\\x00\\x00\\x00\\x00\\x00\\x00\\x00\\x00\\x00\\x00\\x00\\x00\\x00\\x00\\x00\\x00\\x00\\x00\\x00\\x00\\x00\\x00\\x00\\x00\\x00\\x00\\x00\\x00\\x00\\x00\\x00\\x00\\x00\\x00\\x00\\x00\\x00\\x00\\x00\\x00\\x00\\x00\\x00\\x00\\x00\\x00\\x00\\x00\\x00\\x00\\x00\\x00\\x00\\x00\\x00",
                  "TargetObject": "HKEY_CURRENT_USER\\Software\\Microsoft\\Windows\\CurrentVersion\\Internet Settings\\Connections\\DefaultConnectionSettings"
                }
              }
            ],
            "rule_level": "low",
            "rule_id": "7ca43f2acf2c039e776af286dca2b5216d23967e6e8fe43dd5a5cc95f86e52e5",
            "rule_source": "Sigma Integrated Rule Set (GitHub)",
            "rule_title": "Modification of IE Registry Settings",
            "rule_description": "Detects modification of the registry settings used for Internet Explorer and other Windows components that use these settings. An attacker can abuse this registry key to add a domain to the trusted sites Zone or insert javascript for persistence",
            "rule_author": "frack113"
          },
          {
            "match_context": [
              {
                "values": {
                  "EventID": "3",
                  "ProcessId": "8020",
                  "DestinationPortName": "domain",
                  "SourceIsIpv6": "true",
                  "DestinationIp": "808:808:0:0:5e54:1300:3800:0",
                  "Initiated": "true",
                  "SourcePortName": "-",
                  "Image": "C:\\Windows\\SysWOW64\\WindowsPowerShell\\v1.0\\powershell.exe",
                  "ProcessGuid": "{C784477D-5F1E-654F-3906-000000004800}",
                  "DestinationHostname": "-",
                  "UtcTime": "1698166635",
                  "User": "NT AUTHORITY\\SYSTEM",
                  "DestinationPort": "53",
                  "RuleName": "-",
                  "SourcePort": "50328",
                  "Protocol": "udp",
                  "SourceHostname": "-",
                  "SourceIp": "c0a8:20b:4669:7273:f8b0:d08f:818c:ffff",
                  "DestinationIsIpv6": "true"
                }
              },
              {
                "values": {
                  "EventID": "3",
                  "ProcessId": "8020",
                  "DestinationPortName": "http",
                  "SourceIsIpv6": "false",
                  "DestinationIp": "204.79.197.203",
                  "Initiated": "true",
                  "SourcePortName": "-",
                  "Image": "C:\\Windows\\SysWOW64\\WindowsPowerShell\\v1.0\\powershell.exe",
                  "ProcessGuid": "{C784477D-5F1E-654F-3906-000000004800}",
                  "DestinationHostname": "a-0003.a-msedge.net",
                  "UtcTime": "1698166650",
                  "User": "NT AUTHORITY\\SYSTEM",
                  "DestinationPort": "80",
                  "RuleName": "-",
                  "SourcePort": "49715",
                  "Protocol": "tcp",
                  "SourceHostname": "DESKTOP-B0T93D6.local",
                  "SourceIp": "192.168.2.11",
                  "DestinationIsIpv6": "false"
                }
              },
